#
# There is insufficient memory for the Java Runtime Environment to continue.
# Native memory allocation (malloc) failed to allocate 32744 bytes for ChunkPool::allocate
# Possible reasons:
#   The system is out of physical RAM or swap space
#   In 32 bit mode, the process size limit was hit
# Possible solutions:
#   Reduce memory load on the system
#   Increase physical memory or swap space
#   Check if swap backing store is full
#   Use 64 bit Java on a 64 bit OS
#   Decrease Java heap size (-Xmx/-Xms)
#   Decrease number of Java threads
#   Decrease Java thread stack sizes (-Xss)
#   Set larger code cache with -XX:ReservedCodeCacheSize=
# This output file may be truncated or incomplete.
#
#  Out of Memory Error (allocation.cpp:273), pid=10676, tid=6580
#
# JRE version: Java(TM) SE Runtime Environment (8.0_45-b15) (build 1.8.0_45-b15)
# Java VM: Java HotSpot(TM) 64-Bit Server VM (25.45-b02 mixed mode windows-amd64 compressed oops)
# Failed to write core dump. Minidumps are not enabled by default on client versions of Windows
#

---------------  T H R E A D  ---------------

Current thread (0x0000000014a6e000):  JavaThread "C2 CompilerThread0" daemon [_thread_in_native, id=6580, stack(0x0000000015fc0000,0x00000000160c0000)]

Stack: [0x0000000015fc0000,0x00000000160c0000]
Native frames: (J=compiled Java code, j=interpreted, Vv=VM code, C=native code)
V  [jvm.dll+0x32b57a]


Current CompileTask:
C2:  16369 2737       4       com.android.dx.util.FixedSizeList::equals (41 bytes)


---------------  P R O C E S S  ---------------

Java Threads: ( => current thread )
  0x0000000014ace800 JavaThread "Service Thread" daemon [_thread_blocked, id=11708, stack(0x00000000166c0000,0x00000000167c0000)]
  0x0000000014acc800 JavaThread "C1 CompilerThread2" daemon [_thread_in_vm, id=6768, stack(0x00000000161c0000,0x00000000162c0000)]
  0x0000000014ac9800 JavaThread "C2 CompilerThread1" daemon [_thread_in_native, id=10404, stack(0x00000000160c0000,0x00000000161c0000)]
=>0x0000000014a6e000 JavaThread "C2 CompilerThread0" daemon [_thread_in_native, id=6580, stack(0x0000000015fc0000,0x00000000160c0000)]
  0x0000000014a6b800 JavaThread "Attach Listener" daemon [_thread_blocked, id=5760, stack(0x0000000015ec0000,0x0000000015fc0000)]
  0x0000000014a6a000 JavaThread "Signal Dispatcher" daemon [_thread_blocked, id=12028, stack(0x0000000015dc0000,0x0000000015ec0000)]
  0x0000000002397800 JavaThread "Finalizer" daemon [_thread_blocked, id=2892, stack(0x0000000015cc0000,0x0000000015dc0000)]
  0x000000000238d800 JavaThread "Reference Handler" daemon [_thread_blocked, id=6520, stack(0x0000000015bc0000,0x0000000015cc0000)]
  0x000000000219d800 JavaThread "main" [_thread_in_Java, id=10252, stack(0x00000000021a0000,0x00000000022a0000)]

Other Threads:
  0x0000000014a38800 VMThread [stack: 0x0000000015ac0000,0x0000000015bc0000] [id=12020]
  0x00000000162c6800 WatcherThread [stack: 0x00000000167c0000,0x00000000168c0000] [id=10852]

VM state:not at safepoint (normal execution)

VM Mutex/Monitor currently owned by a thread: None

Heap:
 PSYoungGen      total 291328K, used 85463K [0x00000000eab00000, 0x00000000fee00000, 0x0000000100000000)
  eden space 262656K, 23% used [0x00000000eab00000,0x00000000ee655ca8,0x00000000fab80000)
  from space 28672K, 86% used [0x00000000fcb00000,0x00000000fe31ff70,0x00000000fe700000)
  to   space 32256K, 0% used [0x00000000fab80000,0x00000000fab80000,0x00000000fcb00000)
 ParOldGen       total 87552K, used 44219K [0x00000000c0000000, 0x00000000c5580000, 0x00000000eab00000)
  object space 87552K, 50% used [0x00000000c0000000,0x00000000c2b2ec80,0x00000000c5580000)
 Metaspace       used 6756K, capacity 7544K, committed 7680K, reserved 1056768K
  class space    used 633K, capacity 688K, committed 768K, reserved 1048576K

Card table byte_map: [0x0000000011760000,0x0000000011970000] byte_map_base: 0x0000000011160000

Marking Bits: (ParMarkBitMap*) 0x0000000067b44040
 Begin Bits: [0x0000000011ed0000, 0x0000000012ed0000)
 End Bits:   [0x0000000012ed0000, 0x0000000013ed0000)

Polling page: 0x00000000020e0000

CodeCache: size=245760Kb used=11454Kb max_used=11454Kb free=234305Kb
 bounds [0x00000000023a0000, 0x0000000002ee0000, 0x00000000113a0000]
 total_blobs=2793 nmethods=2523 adapters=182
 compilation: enabled

Compilation events (10 events):
Event: 16.332 Thread 0x0000000014acc800 nmethod 2733 0x0000000002ed3c50 code [0x0000000002ed3da0, 0x0000000002ed3f30]
Event: 16.333 Thread 0x0000000014acc800 2734       3       com.android.dx.rop.code.RegisterSpec::matchesVariable (68 bytes)
Event: 16.333 Thread 0x0000000014acc800 nmethod 2734 0x0000000002ed5990 code [0x0000000002ed5b60, 0x0000000002ed64f8]
Event: 16.337 Thread 0x0000000014acc800 2735       3       com.android.dx.dex.code.form.Form21t::isCompatible (58 bytes)
Event: 16.339 Thread 0x0000000014acc800 nmethod 2735 0x0000000002ed6790 code [0x0000000002ed69e0, 0x0000000002ed7e28]
Event: 16.339 Thread 0x0000000014acc800 2736       3       java.util.Arrays::equals (78 bytes)
Event: 16.340 Thread 0x0000000014acc800 nmethod 2736 0x0000000002ed5190 code [0x0000000002ed5320, 0x0000000002ed5808]
Event: 16.340 Thread 0x0000000014a6e000 2737       4       com.android.dx.util.FixedSizeList::equals (41 bytes)
Event: 16.341 Thread 0x0000000014acc800 2738       3       java.util.Arrays::fill (21 bytes)
Event: 16.342 Thread 0x0000000014acc800 nmethod 2738 0x0000000002ed3810 code [0x0000000002ed3980, 0x0000000002ed3b70]

GC Heap History (10 events):
Event: 2.658 GC heap before
{Heap before GC invocations=2 (full 0):
 PSYoungGen      total 38400K, used 38163K [0x00000000eab00000, 0x00000000ef600000, 0x0000000100000000)
  eden space 33280K, 100% used [0x00000000eab00000,0x00000000ecb80000,0x00000000ecb80000)
  from space 5120K, 95% used [0x00000000ecb80000,0x00000000ed044f90,0x00000000ed080000)
  to   space 5120K, 0% used [0x00000000ef100000,0x00000000ef100000,0x00000000ef600000)
 ParOldGen       total 87552K, used 24K [0x00000000c0000000, 0x00000000c5580000, 0x00000000eab00000)
  object space 87552K, 0% used [0x00000000c0000000,0x00000000c0006000,0x00000000c5580000)
 Metaspace       used 6100K, capacity 7024K, committed 7296K, reserved 1056768K
  class space    used 593K, capacity 616K, committed 640K, reserved 1048576K
Event: 2.752 GC heap after
Heap after GC invocations=2 (full 0):
 PSYoungGen      total 71680K, used 5102K [0x00000000eab00000, 0x00000000ef600000, 0x0000000100000000)
  eden space 66560K, 0% used [0x00000000eab00000,0x00000000eab00000,0x00000000eec00000)
  from space 5120K, 99% used [0x00000000ef100000,0x00000000ef5fbb30,0x00000000ef600000)
  to   space 5120K, 0% used [0x00000000eec00000,0x00000000eec00000,0x00000000ef100000)
 ParOldGen       total 87552K, used 3458K [0x00000000c0000000, 0x00000000c5580000, 0x00000000eab00000)
  object space 87552K, 3% used [0x00000000c0000000,0x00000000c0360b30,0x00000000c5580000)
 Metaspace       used 6100K, capacity 7024K, committed 7296K, reserved 1056768K
  class space    used 593K, capacity 616K, committed 640K, reserved 1048576K
}
Event: 3.665 GC heap before
{Heap before GC invocations=3 (full 0):
 PSYoungGen      total 71680K, used 71662K [0x00000000eab00000, 0x00000000ef600000, 0x0000000100000000)
  eden space 66560K, 100% used [0x00000000eab00000,0x00000000eec00000,0x00000000eec00000)
  from space 5120K, 99% used [0x00000000ef100000,0x00000000ef5fbb30,0x00000000ef600000)
  to   space 5120K, 0% used [0x00000000eec00000,0x00000000eec00000,0x00000000ef100000)
 ParOldGen       total 87552K, used 3458K [0x00000000c0000000, 0x00000000c5580000, 0x00000000eab00000)
  object space 87552K, 3% used [0x00000000c0000000,0x00000000c0360b30,0x00000000c5580000)
 Metaspace       used 6234K, capacity 7152K, committed 7296K, reserved 1056768K
  class space    used 594K, capacity 616K, committed 640K, reserved 1048576K
Event: 3.713 GC heap after
Heap after GC invocations=3 (full 0):
 PSYoungGen      total 71680K, used 5093K [0x00000000eab00000, 0x00000000f3700000, 0x0000000100000000)
  eden space 66560K, 0% used [0x00000000eab00000,0x00000000eab00000,0x00000000eec00000)
  from space 5120K, 99% used [0x00000000eec00000,0x00000000ef0f94c0,0x00000000ef100000)
  to   space 5120K, 0% used [0x00000000f3200000,0x00000000f3200000,0x00000000f3700000)
 ParOldGen       total 87552K, used 12783K [0x00000000c0000000, 0x00000000c5580000, 0x00000000eab00000)
  object space 87552K, 14% used [0x00000000c0000000,0x00000000c0c7bf80,0x00000000c5580000)
 Metaspace       used 6234K, capacity 7152K, committed 7296K, reserved 1056768K
  class space    used 594K, capacity 616K, committed 640K, reserved 1048576K
}
Event: 4.520 GC heap before
{Heap before GC invocations=4 (full 0):
 PSYoungGen      total 71680K, used 71653K [0x00000000eab00000, 0x00000000f3700000, 0x0000000100000000)
  eden space 66560K, 100% used [0x00000000eab00000,0x00000000eec00000,0x00000000eec00000)
  from space 5120K, 99% used [0x00000000eec00000,0x00000000ef0f94c0,0x00000000ef100000)
  to   space 5120K, 0% used [0x00000000f3200000,0x00000000f3200000,0x00000000f3700000)
 ParOldGen       total 87552K, used 12783K [0x00000000c0000000, 0x00000000c5580000, 0x00000000eab00000)
  object space 87552K, 14% used [0x00000000c0000000,0x00000000c0c7bf80,0x00000000c5580000)
 Metaspace       used 6294K, capacity 7152K, committed 7296K, reserved 1056768K
  class space    used 594K, capacity 616K, committed 640K, reserved 1048576K
Event: 4.585 GC heap after
Heap after GC invocations=4 (full 0):
 PSYoungGen      total 138240K, used 5090K [0x00000000eab00000, 0x00000000f3700000, 0x0000000100000000)
  eden space 133120K, 0% used [0x00000000eab00000,0x00000000eab00000,0x00000000f2d00000)
  from space 5120K, 99% used [0x00000000f3200000,0x00000000f36f8850,0x00000000f3700000)
  to   space 5120K, 0% used [0x00000000f2d00000,0x00000000f2d00000,0x00000000f3200000)
 ParOldGen       total 87552K, used 22980K [0x00000000c0000000, 0x00000000c5580000, 0x00000000eab00000)
  object space 87552K, 26% used [0x00000000c0000000,0x00000000c1671260,0x00000000c5580000)
 Metaspace       used 6294K, capacity 7152K, committed 7296K, reserved 1056768K
  class space    used 594K, capacity 616K, committed 640K, reserved 1048576K
}
Event: 6.007 GC heap before
{Heap before GC invocations=5 (full 0):
 PSYoungGen      total 138240K, used 138210K [0x00000000eab00000, 0x00000000f3700000, 0x0000000100000000)
  eden space 133120K, 100% used [0x00000000eab00000,0x00000000f2d00000,0x00000000f2d00000)
  from space 5120K, 99% used [0x00000000f3200000,0x00000000f36f8850,0x00000000f3700000)
  to   space 5120K, 0% used [0x00000000f2d00000,0x00000000f2d00000,0x00000000f3200000)
 ParOldGen       total 87552K, used 22980K [0x00000000c0000000, 0x00000000c5580000, 0x00000000eab00000)
  object space 87552K, 26% used [0x00000000c0000000,0x00000000c1671260,0x00000000c5580000)
 Metaspace       used 6460K, capacity 7256K, committed 7424K, reserved 1056768K
  class space    used 614K, capacity 656K, committed 768K, reserved 1048576K
Event: 6.279 GC heap after
Heap after GC invocations=5 (full 0):
 PSYoungGen      total 138240K, used 5106K [0x00000000eab00000, 0x00000000fe700000, 0x0000000100000000)
  eden space 133120K, 0% used [0x00000000eab00000,0x00000000eab00000,0x00000000f2d00000)
  from space 5120K, 99% used [0x00000000f2d00000,0x00000000f31fcab0,0x00000000f3200000)
  to   space 28672K, 0% used [0x00000000fcb00000,0x00000000fcb00000,0x00000000fe700000)
 ParOldGen       total 87552K, used 44219K [0x00000000c0000000, 0x00000000c5580000, 0x00000000eab00000)
  object space 87552K, 50% used [0x00000000c0000000,0x00000000c2b2ec80,0x00000000c5580000)
 Metaspace       used 6460K, capacity 7256K, committed 7424K, reserved 1056768K
  class space    used 614K, capacity 656K, committed 768K, reserved 1048576K
}
Event: 9.481 GC heap before
{Heap before GC invocations=6 (full 0):
 PSYoungGen      total 138240K, used 138226K [0x00000000eab00000, 0x00000000fe700000, 0x0000000100000000)
  eden space 133120K, 100% used [0x00000000eab00000,0x00000000f2d00000,0x00000000f2d00000)
  from space 5120K, 99% used [0x00000000f2d00000,0x00000000f31fcab0,0x00000000f3200000)
  to   space 28672K, 0% used [0x00000000fcb00000,0x00000000fcb00000,0x00000000fe700000)
 ParOldGen       total 87552K, used 44219K [0x00000000c0000000, 0x00000000c5580000, 0x00000000eab00000)
  object space 87552K, 50% used [0x00000000c0000000,0x00000000c2b2ec80,0x00000000c5580000)
 Metaspace       used 6472K, capacity 7256K, committed 7424K, reserved 1056768K
  class space    used 614K, capacity 656K, committed 768K, reserved 1048576K
Event: 10.695 GC heap after
Heap after GC invocations=6 (full 0):
 PSYoungGen      total 291328K, used 24703K [0x00000000eab00000, 0x00000000fee00000, 0x0000000100000000)
  eden space 262656K, 0% used [0x00000000eab00000,0x00000000eab00000,0x00000000fab80000)
  from space 28672K, 86% used [0x00000000fcb00000,0x00000000fe31ff70,0x00000000fe700000)
  to   space 32256K, 0% used [0x00000000fab80000,0x00000000fab80000,0x00000000fcb00000)
 ParOldGen       total 87552K, used 44219K [0x00000000c0000000, 0x00000000c5580000, 0x00000000eab00000)
  object space 87552K, 50% used [0x00000000c0000000,0x00000000c2b2ec80,0x00000000c5580000)
 Metaspace       used 6472K, capacity 7256K, committed 7424K, reserved 1056768K
  class space    used 614K, capacity 656K, committed 768K, reserved 1048576K
}

Deoptimization events (10 events):
Event: 15.356 Thread 0x000000000219d800 Uncommon trap: reason=class_check action=maybe_recompile pc=0x00000000026fbdc0 method=java.util.Arrays.equals([Ljava/lang/Object;[Ljava/lang/Object;)Z @ 62
Event: 15.356 Thread 0x000000000219d800 Uncommon trap: reason=speculate_class_check action=maybe_recompile pc=0x00000000026fd204 method=com.android.dx.util.FixedSizeList.equals(Ljava/lang/Object;)Z @ 25
Event: 15.356 Thread 0x000000000219d800 Uncommon trap: reason=class_check action=maybe_recompile pc=0x00000000026fbdc0 method=java.util.Arrays.equals([Ljava/lang/Object;[Ljava/lang/Object;)Z @ 62
Event: 15.357 Thread 0x000000000219d800 Uncommon trap: reason=speculate_class_check action=maybe_recompile pc=0x00000000026fd204 method=com.android.dx.util.FixedSizeList.equals(Ljava/lang/Object;)Z @ 25
Event: 15.357 Thread 0x000000000219d800 Uncommon trap: reason=unstable_if action=reinterpret pc=0x00000000026fbd98 method=java.util.Arrays.equals([Ljava/lang/Object;[Ljava/lang/Object;)Z @ 23
Event: 15.357 Thread 0x000000000219d800 Uncommon trap: reason=speculate_class_check action=maybe_recompile pc=0x00000000026fd204 method=com.android.dx.util.FixedSizeList.equals(Ljava/lang/Object;)Z @ 25
Event: 15.357 Thread 0x000000000219d800 Uncommon trap: reason=unstable_if action=reinterpret pc=0x0000000002b535ec method=java.util.TreeMap.put(Ljava/lang/Object;Ljava/lang/Object;)Ljava/lang/Object; @ 163
Event: 15.518 Thread 0x000000000219d800 Uncommon trap: reason=unstable_if action=reinterpret pc=0x0000000002ea0940 method=com.android.dx.dex.code.OutputFinisher.findOpcodeForInsn(Lcom/android/dx/dex/code/DalvInsn;Lcom/android/dx/dex/code/Dop;)Lcom/android/dx/dex/code/Dop; @ 1
Event: 16.333 Thread 0x000000000219d800 Uncommon trap: reason=unstable_if action=reinterpret pc=0x0000000002ebf9fc method=com.android.dx.rop.code.RegisterSpec.matchesVariable(Lcom/android/dx/rop/code/RegisterSpec;)Z @ 59
Event: 16.334 Thread 0x000000000219d800 Uncommon trap: reason=predicate action=maybe_recompile pc=0x0000000002e93db0 method=java.util.ComparableTimSort.binarySort([Ljava/lang/Object;III)V @ 37

Internal exceptions (7 events):
Event: 0.284 Thread 0x000000000219d800 Exception <a 'java/lang/NoSuchMethodError': Method sun.misc.Unsafe.defineClass(Ljava/lang/String;[BII)Ljava/lang/Class; name or signature does not match> (0x00000000eab0d4d0) thrown at [C:\re\workspace\8-2-build-windows-amd64-cygwin\jdk8u45\3627\hotspot\sr∏∞ê∞2“?
Event: 0.284 Thread 0x000000000219d800 Exception <a 'java/lang/NoSuchMethodError': Method sun.misc.Unsafe.prefetchRead(Ljava/lang/Object;J)V name or signature does not match> (0x00000000eab0d760) thrown at [C:\re\workspace\8-2-build-windows-amd64-cygwin\jdk8u45\3627\hotspot\src\share\vm\prims\jêÿ_#*z˝?
Event: 1.842 Thread 0x000000001654e800 Implicit null exception at 0x000000000271a4e2 to 0x000000000271a5e5
Event: 4.717 Thread 0x0000000016521800 Implicit null exception at 0x0000000002a3e7b5 to 0x0000000002a3fdc9
Event: 5.128 Thread 0x0000000016553800 Exception <a 'java/lang/ArrayIndexOutOfBoundsException': 18> (0x00000000efdf9d28) thrown at [C:\re\workspace\8-2-build-windows-amd64-cygwin\jdk8u45\3627\hotspot\src\share\vm\interpreter\interpreterRuntime.cpp, line 366]
Event: 5.129 Thread 0x0000000016553800 Exception <a 'java/lang/ArrayIndexOutOfBoundsException': 145> (0x00000000efdfb7f8) thrown at [C:\re\workspace\8-2-build-windows-amd64-cygwin\jdk8u45\3627\hotspot\src\share\vm\interpreter\interpreterRuntime.cpp, line 366]
Event: 5.130 Thread 0x0000000016553800 Exception <a 'java/lang/ArrayIndexOutOfBoundsException'> (0x00000000efdfca30) thrown at [C:\re\workspace\8-2-build-windows-amd64-cygwin\jdk8u45\3627\hotspot\src\share\vm\runtime\sharedRuntime.cpp, line 605]

Events (10 events):
Event: 15.518 Thread 0x000000000219d800 DEOPT PACKING pc=0x0000000002ea0940 sp=0x000000000229edf0
Event: 15.518 Thread 0x000000000219d800 DEOPT UNPACKING pc=0x00000000023e582a sp=0x000000000229ed90 mode 2
Event: 15.518 loading class com/android/dx/rop/code/RegisterSpecList$Expander
Event: 15.518 loading class com/android/dx/rop/code/RegisterSpecList$Expander done
Event: 16.332 Thread 0x000000000219d800 Uncommon trap: trap_request=0xffffff65 fr.pc=0x0000000002ebf9fc
Event: 16.333 Thread 0x000000000219d800 DEOPT PACKING pc=0x0000000002ebf9fc sp=0x000000000229ed80
Event: 16.333 Thread 0x000000000219d800 DEOPT UNPACKING pc=0x00000000023e582a sp=0x000000000229ed28 mode 2
Event: 16.334 Thread 0x000000000219d800 Uncommon trap: trap_request=0xffffff86 fr.pc=0x0000000002e93db0
Event: 16.334 Thread 0x000000000219d800 DEOPT PACKING pc=0x0000000002e93db0 sp=0x000000000229ed20
Event: 16.334 Thread 0x000000000219d800 DEOPT UNPACKING pc=0x00000000023e582a sp=0x000000000229ece0 mode 2


Dynamic libraries:
0x00007ff65af00000 - 0x00007ff65af37000 	C:\Program Files\Java\jdk1.8.0_45\bin\java.exe
0x00007fff5f230000 - 0x00007fff5f3dd000 	C:\windows\SYSTEM32\ntdll.dll
0x00007fff5cfa0000 - 0x00007fff5d0de000 	C:\windows\system32\KERNEL32.DLL
0x00007fff5c4a0000 - 0x00007fff5c5b5000 	C:\windows\system32\KERNELBASE.dll
0x00007fff5ae20000 - 0x00007fff5aeae000 	C:\windows\system32\apphelp.dll
0x00007fff325f0000 - 0x00007fff32643000 	C:\windows\AppPatch\AppPatch64\AcGenral.DLL
0x00007fff5d4c0000 - 0x00007fff5d56a000 	C:\windows\system32\msvcrt.dll
0x00007fff5c1b0000 - 0x00007fff5c1de000 	C:\windows\SYSTEM32\SspiCli.dll
0x00007fff5cb00000 - 0x00007fff5cb54000 	C:\windows\system32\SHLWAPI.dll
0x00007fff5eeb0000 - 0x00007fff5f027000 	C:\windows\system32\USER32.dll
0x00007fff5d720000 - 0x00007fff5d8b4000 	C:\windows\system32\ole32.dll
0x00007fff5d8c0000 - 0x00007fff5edea000 	C:\windows\system32\SHELL32.dll
0x00007fff5b9d0000 - 0x00007fff5b9f1000 	C:\windows\SYSTEM32\USERENV.dll
0x00007fff5cb70000 - 0x00007fff5cc1a000 	C:\windows\system32\ADVAPI32.dll
0x00007fff4a1e0000 - 0x00007fff4a1fe000 	C:\windows\SYSTEM32\MPR.dll
0x00007fff5ce40000 - 0x00007fff5cf81000 	C:\windows\system32\RPCRT4.dll
0x00007fff5f190000 - 0x00007fff5f1e9000 	C:\windows\SYSTEM32\sechost.dll
0x00007fff5c8c0000 - 0x00007fff5cad1000 	C:\windows\SYSTEM32\combase.dll
0x00007fff5f040000 - 0x00007fff5f190000 	C:\windows\system32\GDI32.dll
0x00007fff5c380000 - 0x00007fff5c395000 	C:\windows\SYSTEM32\profapi.dll
0x00007fff5a790000 - 0x00007fff5a842000 	C:\windows\SYSTEM32\SHCORE.dll
0x00007fff5f1f0000 - 0x00007fff5f226000 	C:\windows\system32\IMM32.DLL
0x00007fff5cce0000 - 0x00007fff5ce32000 	C:\windows\system32\MSCTF.dll
0x00007fff59e70000 - 0x00007fff5a0eb000 	C:\windows\WinSxS\amd64_microsoft.windows.common-controls_6595b64144ccf1df_6.0.9600.18006_none_623f33d3ecbe86e8\COMCTL32.dll
0x0000000067c40000 - 0x0000000067d12000 	C:\Program Files\Java\jdk1.8.0_45\jre\bin\msvcr100.dll
0x0000000067340000 - 0x0000000067bc3000 	C:\Program Files\Java\jdk1.8.0_45\jre\bin\server\jvm.dll
0x00007fff52180000 - 0x00007fff52189000 	C:\windows\SYSTEM32\WSOCK32.dll
0x00007fff59960000 - 0x00007fff59982000 	C:\windows\SYSTEM32\WINMM.dll
0x00007fff5b720000 - 0x00007fff5b72a000 	C:\windows\SYSTEM32\VERSION.dll
0x00007fff5cb60000 - 0x00007fff5cb67000 	C:\windows\system32\PSAPI.DLL
0x00007fff5d0e0000 - 0x00007fff5d13a000 	C:\windows\system32\WS2_32.dll
0x00007fff598a0000 - 0x00007fff598ca000 	C:\windows\SYSTEM32\WINMMBASE.dll
0x00007fff5cf90000 - 0x00007fff5cf99000 	C:\windows\system32\NSI.dll
0x00007fff5c450000 - 0x00007fff5c49f000 	C:\windows\SYSTEM32\cfgmgr32.dll
0x00007fff5b070000 - 0x00007fff5b098000 	C:\windows\SYSTEM32\DEVOBJ.dll
0x0000000067c30000 - 0x0000000067c3f000 	C:\Program Files\Java\jdk1.8.0_45\jre\bin\verify.dll
0x0000000067310000 - 0x0000000067339000 	C:\Program Files\Java\jdk1.8.0_45\jre\bin\java.dll
0x00000000672b0000 - 0x00000000672c6000 	C:\Program Files\Java\jdk1.8.0_45\jre\bin\zip.dll

VM Arguments:
jvm_args: -Djava.awt.headless=true -Xmx1024M -Dfile.encoding=windows-1252 -Duser.country=IN -Duser.language=en -Duser.variant 
java_command: com.android.dx.command.Main --dex --num-threads=4 --output C:\Users\Hp\AndroidStudioProjects\SecondApp\app\build\intermediates\pre-dexed\debug\com.android.support-support-v4-23.2.0_82443bf1a167a7166d27e8a955a333ff0050cfc1.jar C:\Users\Hp\AndroidStudioProjects\SecondApp\app\build\intermediates\exploded-aar\com.android.support\support-v4\23.2.0\jars\classes.jar
java_class_path (initial): C:\Users\Hp\AppData\Local\Android\Sdk\build-tools\23.0.2\lib\dx.jar
Launcher Type: SUN_STANDARD

Environment Variables:
JAVA_HOME=C:\Program Files\Java\jdk1.8.0_45
PATH=C:\ProgramData\Oracle\Java\javapath;c:\Program Files (x86)\Intel\iCLS Client\;c:\Program Files\Intel\iCLS Client\;C:\windows\system32;C:\windows;C:\windows\System32\Wbem;C:\windows\System32\WindowsPowerShell\v1.0\;c:\Program Files\Intel\WiFi\bin\;c:\Program Files\Common Files\Intel\WirelessCommon\;C:\Program Files\Intel\Intel(R) Management Engine Components\DAL;C:\Program Files\Intel\Intel(R) Management Engine Components\IPT;C:\Program Files (x86)\Intel\Intel(R) Management Engine Components\DAL;C:\Program Files (x86)\Intel\Intel(R) Management Engine Components\IPT;C:\Program Files\Java\jdk1.8.0_45\bin;G:\work\tools\apache-maven-3.2.3-bin\apache-maven-3.2.3\bin;C:\Program Files\TortoiseSVN\bin;C:\Program Files\mysql-5.6.25-winx64\mysql-5.6.25-winx64\bin;C:\Program Files (x86)\MySQL\MySQL Fabric 1.5.4 & MySQL Utilities 1.5.4 1.5\;C:\Program Files (x86)\MySQL\MySQL Fabric 1.5.4 & MySQL Utilities 1.5.4 1.5\Doctrine extensions for PHP\;C:\Program Files\MySQL\MySQL Server 5.6\bin;C:\Program Files (x86)\nodejs\;C:\Users\Hp\AppData\Roaming\npm
USERNAME=Hp
OS=Windows_NT
PROCESSOR_IDENTIFIER=Intel64 Family 6 Model 69 Stepping 1, GenuineIntel



---------------  S Y S T E M  ---------------

OS: Windows 8.1 , 64 bit Build 9600 (6.3.9600.17415)

CPU:total 4 (2 cores per cpu, 2 threads per core) family 6 model 69 stepping 1, cmov, cx8, fxsr, mmx, sse, sse2, sse3, ssse3, sse4.1, sse4.2, popcnt, avx, avx2, aes, clmul, erms, lzcnt, ht, tsc, tscinvbit, bmi1, bmi2

Memory: 4k page, physical 8283244k(1015328k free), swap 11428972k(5008k free)

vm_info: Java HotSpot(TM) 64-Bit Server VM (25.45-b02) for windows-amd64 JRE (1.8.0_45-b15), built on Apr 30 2015 12:40:44 by "java_re" with MS VC++ 10.0 (VS2010)

time: Mon Mar 14 18:11:59 2016
elapsed time: 16 seconds (0d 0h 0m 16s)

